0 info it worked if it ends with ok
1 verbose cli [ '/usr/local/bin/node', '/usr/local/bin/npm', 'run', 'serve' ]
2 info using npm@4.1.2
3 info using node@v7.6.0
4 verbose run-script [ 'preserve', 'serve', 'postserve' ]
5 info lifecycle multipage-scaffold@1.0.0~preserve: multipage-scaffold@1.0.0
6 silly lifecycle multipage-scaffold@1.0.0~preserve: no script for preserve, continuing
7 info lifecycle multipage-scaffold@1.0.0~serve: multipage-scaffold@1.0.0
8 verbose lifecycle multipage-scaffold@1.0.0~serve: unsafe-perm in lifecycle true
9 verbose lifecycle multipage-scaffold@1.0.0~serve: PATH: /usr/local/lib/node_modules/npm/bin/node-gyp-bin:/Users/cc/Desktop/t/tf-multi/node_modules/.bin:/usr/local/bin:/usr/bin:/bin:/usr/sbin:/sbin:/Users/cc/Downloads/mongodb-osx-x86_64-3.2.6/bin:/Users/cc/Desktop/tools/redis-3.2.4/src:/Users/cc/Desktop/tools/phantomjs-2.1.1-macosx/bin:/Users/cc/Desktop/tools/apache-tomcat-7.0.73/bin:/usr/local/mysql-5.7.17-macos10.12-x86_64/bin:/Users/cc/Desktop/tools/apache-maven-3.3.9/bin
10 verbose lifecycle multipage-scaffold@1.0.0~serve: CWD: /Users/cc/Desktop/t/tf-multi
11 silly lifecycle multipage-scaffold@1.0.0~serve: Args: [ '-c', 'gulp serve' ]
12 silly lifecycle multipage-scaffold@1.0.0~serve: Returned: code: 1  signal: null
13 info lifecycle multipage-scaffold@1.0.0~serve: Failed to exec serve script
14 verbose stack Error: multipage-scaffold@1.0.0 serve: `gulp serve`
14 verbose stack Exit status 1
14 verbose stack     at EventEmitter.<anonymous> (/usr/local/lib/node_modules/npm/lib/utils/lifecycle.js:279:16)
14 verbose stack     at emitTwo (events.js:106:13)
14 verbose stack     at EventEmitter.emit (events.js:192:7)
14 verbose stack     at ChildProcess.<anonymous> (/usr/local/lib/node_modules/npm/lib/utils/spawn.js:40:14)
14 verbose stack     at emitTwo (events.js:106:13)
14 verbose stack     at ChildProcess.emit (events.js:192:7)
14 verbose stack     at maybeClose (internal/child_process.js:890:16)
14 verbose stack     at Process.ChildProcess._handle.onexit (internal/child_process.js:226:5)
15 verbose pkgid multipage-scaffold@1.0.0
16 verbose cwd /Users/cc/Desktop/t/tf-multi
17 error Darwin 16.0.0
18 error argv "/usr/local/bin/node" "/usr/local/bin/npm" "run" "serve"
19 error node v7.6.0
20 error npm  v4.1.2
21 error code ELIFECYCLE
22 error multipage-scaffold@1.0.0 serve: `gulp serve`
22 error Exit status 1
23 error Failed at the multipage-scaffold@1.0.0 serve script 'gulp serve'.
23 error Make sure you have the latest version of node.js and npm installed.
23 error If you do, this is most likely a problem with the multipage-scaffold package,
23 error not with npm itself.
23 error Tell the author that this fails on your system:
23 error     gulp serve
23 error You can get information on how to open an issue for this project with:
23 error     npm bugs multipage-scaffold
23 error Or if that isn't available, you can get their info via:
23 error     npm owner ls multipage-scaffold
23 error There is likely additional logging output above.
24 verbose exit [ 1, true ]
